  调度算法.cpp
f:\数据结构\work_space\op_调度算法\op_调度算法\调度算法.cpp(59): error C4996: 'strcpy': This function or variable may be unsafe. Consider using strcpy_s instead. To disable deprecation, use _CRT_SECURE_NO_WARNINGS. See online help for details.
  c:\program files (x86)\windows kits\10\include\10.0.18362.0\ucrt\string.h(133): note: 参见“strcpy”的声明
f:\数据结构\work_space\op_调度算法\op_调度算法\调度算法.cpp(62): error C4996: 'scanf': This function or variable may be unsafe. Consider using scanf_s instead. To disable deprecation, use _CRT_SECURE_NO_WARNINGS. See online help for details.
  c:\program files (x86)\windows kits\10\include\10.0.18362.0\ucrt\stdio.h(1274): note: 参见“scanf”的声明
f:\数据结构\work_space\op_调度算法\op_调度算法\调度算法.cpp(65): error C4996: 'scanf': This function or variable may be unsafe. Consider using scanf_s instead. To disable deprecation, use _CRT_SECURE_NO_WARNINGS. See online help for details.
  c:\program files (x86)\windows kits\10\include\10.0.18362.0\ucrt\stdio.h(1274): note: 参见“scanf”的声明
f:\数据结构\work_space\op_调度算法\op_调度算法\调度算法.cpp(113): error C4996: 'sprintf': This function or variable may be unsafe. Consider using sprintf_s instead. To disable deprecation, use _CRT_SECURE_NO_WARNINGS. See online help for details.
  c:\program files (x86)\windows kits\10\include\10.0.18362.0\ucrt\stdio.h(1774): note: 参见“sprintf”的声明
f:\数据结构\work_space\op_调度算法\op_调度算法\调度算法.cpp(114): error C4996: 'strcpy': This function or variable may be unsafe. Consider using strcpy_s instead. To disable deprecation, use _CRT_SECURE_NO_WARNINGS. See online help for details.
  c:\program files (x86)\windows kits\10\include\10.0.18362.0\ucrt\string.h(133): note: 参见“strcpy”的声明
f:\数据结构\work_space\op_调度算法\op_调度算法\调度算法.cpp(117): error C4996: 'scanf': This function or variable may be unsafe. Consider using scanf_s instead. To disable deprecation, use _CRT_SECURE_NO_WARNINGS. See online help for details.
  c:\program files (x86)\windows kits\10\include\10.0.18362.0\ucrt\stdio.h(1274): note: 参见“scanf”的声明
f:\数据结构\work_space\op_调度算法\op_调度算法\调度算法.cpp(120): error C4996: 'scanf': This function or variable may be unsafe. Consider using scanf_s instead. To disable deprecation, use _CRT_SECURE_NO_WARNINGS. See online help for details.
  c:\program files (x86)\windows kits\10\include\10.0.18362.0\ucrt\stdio.h(1274): note: 参见“scanf”的声明
f:\数据结构\work_space\op_调度算法\op_调度算法\调度算法.cpp(263): error C4996: 'strcpy': This function or variable may be unsafe. Consider using strcpy_s instead. To disable deprecation, use _CRT_SECURE_NO_WARNINGS. See online help for details.
  c:\program files (x86)\windows kits\10\include\10.0.18362.0\ucrt\string.h(133): note: 参见“strcpy”的声明
f:\数据结构\work_space\op_调度算法\op_调度算法\调度算法.cpp(266): error C4996: 'scanf': This function or variable may be unsafe. Consider using scanf_s instead. To disable deprecation, use _CRT_SECURE_NO_WARNINGS. See online help for details.
  c:\program files (x86)\windows kits\10\include\10.0.18362.0\ucrt\stdio.h(1274): note: 参见“scanf”的声明
f:\数据结构\work_space\op_调度算法\op_调度算法\调度算法.cpp(269): error C4996: 'scanf': This function or variable may be unsafe. Consider using scanf_s instead. To disable deprecation, use _CRT_SECURE_NO_WARNINGS. See online help for details.
  c:\program files (x86)\windows kits\10\include\10.0.18362.0\ucrt\stdio.h(1274): note: 参见“scanf”的声明
f:\数据结构\work_space\op_调度算法\op_调度算法\调度算法.cpp(272): error C4996: 'scanf': This function or variable may be unsafe. Consider using scanf_s instead. To disable deprecation, use _CRT_SECURE_NO_WARNINGS. See online help for details.
  c:\program files (x86)\windows kits\10\include\10.0.18362.0\ucrt\stdio.h(1274): note: 参见“scanf”的声明
